mode: count
github.com/agoalofalife/event/event.go:26.32,30.2 3 1
github.com/agoalofalife/event/event.go:33.98,36.52 2 1
github.com/agoalofalife/event/event.go:40.2,44.3 1 1
github.com/agoalofalife/event/event.go:36.52,38.3 1 1
github.com/agoalofalife/event/event.go:47.48,49.34 1 0
github.com/agoalofalife/event/event.go:49.34,50.55 1 0
github.com/agoalofalife/event/event.go:50.55,52.4 1 0
github.com/agoalofalife/event/event.go:53.3,54.55 1 0
github.com/agoalofalife/event/event.go:59.50,61.2 1 0
github.com/agoalofalife/event/event.go:64.53,66.34 1 1
github.com/agoalofalife/event/event.go:66.34,68.3 1 1
github.com/agoalofalife/event/event.go:68.3,69.55 1 0
github.com/agoalofalife/event/event.go:73.58,74.45 1 0
github.com/agoalofalife/event/event.go:74.45,75.35 1 0
github.com/agoalofalife/event/event.go:75.35,76.91 1 0
github.com/agoalofalife/event/event.go:76.91,78.5 1 0
github.com/agoalofalife/event/event.go:85.61,86.52 1 2
github.com/agoalofalife/event/event.go:89.2,89.14 1 1
github.com/agoalofalife/event/event.go:86.52,88.3 1 1
github.com/agoalofalife/event/event.go:93.44,95.2 1 0
github.com/agoalofalife/event/event.go:97.82,99.21 1 0
github.com/agoalofalife/event/event.go:101.14,104.39 2 0
github.com/agoalofalife/event/event.go:109.3,110.17 2 0
github.com/agoalofalife/event/event.go:104.39,107.4 1 0
github.com/agoalofalife/event/event.go:115.45,117.2 1 1
